<?xml version="1.0" encoding="UTF-8"?>
<robot generator="Robot 6.1.1 (Python 3.11.5 on win32)" generated="20230921 00:21:22.512" rpa="false" schemaversion="4">
<suite id="s1" name="pesquisaTestes" source="c:\Users\Peter\OneDrive\Área de Trabalho\teste-robot\pesquisaTestes.robot">
<test id="s1-t1" name="Cenario 03:" line="13">
<kw name="Inserir apenas uma palavra chave, a busca deverá ocorrer mostrando as matérias que possuem a palavra no seu titulo">
<kw name="Quero Abrir o navegador e ao clicar na lupa abrir o input de pesquisa" library="pesquisaClass">
<kw name="Open Browser" library="SeleniumLibrary">
<arg>${abrirNavegador}</arg>
<arg>chrome</arg>
<doc>Opens a new browser instance to the optional ``url``.</doc>
<msg timestamp="20230921 00:21:23.264" level="INFO">Opening browser 'chrome' to base url 'https://blogdoagi.com.br/'.</msg>
<status status="PASS" starttime="20230921 00:21:23.263" endtime="20230921 00:21:30.196"/>
</kw>
<kw name="Maximize Browser Window" library="SeleniumLibrary">
<doc>Maximizes current browser window.</doc>
<status status="PASS" starttime="20230921 00:21:30.198" endtime="20230921 00:21:30.578"/>
</kw>
<kw name="Click Element" library="SeleniumLibrary">
<arg>${lupa}</arg>
<doc>Click the element identified by ``locator``.</doc>
<msg timestamp="20230921 00:21:30.581" level="INFO">Clicking element 'id=search-open'.</msg>
<status status="PASS" starttime="20230921 00:21:30.578" endtime="20230921 00:21:31.086"/>
</kw>
<status status="PASS" starttime="20230921 00:21:23.261" endtime="20230921 00:21:31.086"/>
</kw>
<kw name="Quando informar uma palavra e clicar no botão pesquisar" library="pesquisaClass">
<kw name="Input Text" library="SeleniumLibrary">
<arg>${inputPesquisa}</arg>
<arg>${palavraPesquisada}</arg>
<doc>Types the given ``text`` into the text field identified by ``locator``.</doc>
<msg timestamp="20230921 00:21:31.093" level="INFO">Typing text 'agibank' into text field 'name=s'.</msg>
<status status="PASS" starttime="20230921 00:21:31.091" endtime="20230921 00:21:31.499"/>
</kw>
<kw name="Click Element" library="SeleniumLibrary">
<arg>${botãoPesquisar}</arg>
<doc>Click the element identified by ``locator``.</doc>
<msg timestamp="20230921 00:21:31.500" level="INFO">Clicking element 'css=.search-submit'.</msg>
<status status="PASS" starttime="20230921 00:21:31.499" endtime="20230921 00:21:32.978"/>
</kw>
<status status="PASS" starttime="20230921 00:21:31.087" endtime="20230921 00:21:32.979"/>
</kw>
<kw name="Então Finalizar o teste após clicar em pesquisar salvando um print da tela" library="pesquisaClass">
<kw name="Wait Until Element Is Visible" library="SeleniumLibrary">
<arg>${esperarCarregamento}</arg>
<doc>Waits until the element ``locator`` is visible.</doc>
<status status="PASS" starttime="20230921 00:21:32.981" endtime="20230921 00:21:33.082"/>
</kw>
<kw name="Capture Page Screenshot" library="SeleniumLibrary">
<arg>${capturarPrint}</arg>
<doc>Takes a screenshot of the current page and embeds it into a log file.</doc>
<msg timestamp="20230921 00:21:33.481" level="INFO" html="true">&lt;/td&gt;&lt;/tr&gt;&lt;tr&gt;&lt;td colspan="3"&gt;&lt;a href="resultado_da_pesquisa.png"&gt;&lt;img src="resultado_da_pesquisa.png" width="800px"&gt;&lt;/a&gt;</msg>
<status status="PASS" starttime="20230921 00:21:33.083" endtime="20230921 00:21:33.481"/>
</kw>
<kw name="Close Browser" library="SeleniumLibrary">
<doc>Closes the current browser.</doc>
<status status="PASS" starttime="20230921 00:21:33.482" endtime="20230921 00:21:36.022"/>
</kw>
<status status="PASS" starttime="20230921 00:21:32.980" endtime="20230921 00:21:36.022"/>
</kw>
<status status="PASS" starttime="20230921 00:21:23.258" endtime="20230921 00:21:36.023"/>
</kw>
<tag>String word</tag>
<status status="PASS" starttime="20230921 00:21:23.254" endtime="20230921 00:21:36.024"/>
</test>
<status status="PASS" starttime="20230921 00:21:22.528" endtime="20230921 00:21:36.028"/>
</suite>
<statistics>
<total>
<stat pass="1" fail="0" skip="0">All Tests</stat>
</total>
<tag>
<stat pass="1" fail="0" skip="0">String word</stat>
</tag>
<suite>
<stat pass="1" fail="0" skip="0" id="s1" name="pesquisaTestes">pesquisaTestes</stat>
</suite>
</statistics>
<errors>
</errors>
</robot>
